<?xml version="1.0" encoding="utf-8" standalone="no"?>
<!--This file represents the results of running a test suite-->
<test-results name="C:\svn\nadesiko2\TestNako\TestNako.nunit" total="15" errors="0" failures="0" not-run="0" inconclusive="0" ignored="0" skipped="0" invalid="0" date="2010-07-16" time="17:41:48">
  <environment nunit-version="2.5.2.9222" clr-version="2.0.50727.4927" os-version="Microsoft Windows NT 6.1.7600.0" platform="Win32NT" cwd="C:\Program Files\NUnit 2.5.2\bin\net-2.0" machine-name="MINI-PC" user="kujira" user-domain="mini-pc" />
  <culture-info current-culture="ja-JP" current-uiculture="ja-JP" />
  <test-suite name="C:\svn\nadesiko2\TestNako\TestNako.nunit" executed="True" success="True" time="0.131" asserts="0">
    <results>
      <test-suite name="C:\svn\nadesiko2\TestNako\bin\Debug\TestNako.dll" executed="True" success="True" time="0.127" asserts="0">
        <results>
          <test-suite name="TestNako" executed="True" success="True" time="0.127" asserts="0">
            <results>
              <test-suite name="TestCNako" executed="True" success="True" time="0.035" asserts="0">
                <results>
                  <test-case name="TestNako.TestCNako.test1" description="First Test" executed="True" success="True" time="0.029" asserts="0" />
                </results>
              </test-suite>
              <test-suite name="TestNakoILWriter" executed="True" success="True" time="0.019" asserts="0">
                <results>
                  <test-case name="TestNako.TestNakoILWriter.TestNakoILWriter1" executed="True" success="True" time="0.019" asserts="1" />
                </results>
              </test-suite>
              <test-suite name="TestNakoInterpreter" executed="True" success="True" time="0.025" asserts="0">
                <results>
                  <test-case name="TestNako.TestNakoInterpreter.TestInterpreter1" executed="True" success="True" time="0.010" asserts="6" />
                  <test-case name="TestNako.TestNakoInterpreter.TestInterpreter2" executed="True" success="True" time="0.012" asserts="2" />
                  <test-case name="TestNako.TestNakoInterpreter.TestInterpreterCalcReal" executed="True" success="True" time="0.001" asserts="5" />
                </results>
              </test-suite>
              <test-suite name="TestNakoParser" executed="True" success="True" time="0.002" asserts="0">
                <results>
                  <test-case name="TestNako.TestNakoParser.TestLet" executed="True" success="True" time="0.001" asserts="3" />
                </results>
              </test-suite>
              <test-suite name="TestNakoTokenizer" executed="True" success="True" time="0.028" asserts="0">
                <results>
                  <test-case name="TestNako.TestNakoTokenizer.TestCountIndent" description="Tokenizer.indent" executed="True" success="True" time="0.003" asserts="4" />
                  <test-case name="TestNako.TestNakoTokenizer.TestGetToken_Number" executed="True" success="True" time="0.004" asserts="9" />
                  <test-case name="TestNako.TestNakoTokenizer.TestGetToken_String" executed="True" success="True" time="0.002" asserts="22" />
                  <test-case name="TestNako.TestNakoTokenizer.TestGetToken_String_ex" executed="True" success="True" time="0.003" asserts="4" />
                  <test-case name="TestNako.TestNakoTokenizer.TestGetToken_Word" executed="True" success="True" time="0.001" asserts="21" />
                  <test-case name="TestNako.TestNakoTokenizer.TestNakoHalfFlag" description="TestNakoHalfFlag" executed="True" success="True" time="0.000" asserts="5" />
                  <test-case name="TestNako.TestNakoTokenizer.TestNakoJosi" description="Josi" executed="True" success="True" time="0.001" asserts="1" />
                  <test-case name="TestNako.TestNakoTokenizer.TestTokenize" description="Tokenize method" executed="True" success="True" time="0.000" asserts="2" />
                  <test-case name="TestNako.TestNakoTokenizer.TestTokenize2" description="Tokenize method" executed="True" success="True" time="0.000" asserts="3" />
                </results>
              </test-suite>
            </results>
          </test-suite>
        </results>
      </test-suite>
    </results>
  </test-suite>
</test-results>