<?xml version="1.0" encoding="utf-8" standalone="no"?>
<!--This file represents the results of running a test suite-->
<test-results name="C:\svn\nako2\cnako2\TestNako\TestNako.csproj" total="9" errors="0" failures="0" not-run="0" ignored="0" skipped="0" invalid="0" date="2010-07-12" time="22:46:21">
  <environment nunit-version="2.5.0.9122" clr-version="2.0.50727.4927" os-version="Microsoft Windows NT 6.1.7600.0" platform="Win32NT" cwd="C:\Program Files\NUnit 2.5\bin\net-2.0" machine-name="KUJIRAX61" user="kujira" user-domain="kujirax61" />
  <culture-info current-culture="ja-JP" current-uiculture="ja-JP" />
  <test-suite name="C:\svn\nako2\cnako2\TestNako\TestNako.csproj" executed="True" success="True" time="0.078" asserts="0">
    <results>
      <test-suite name="C:\svn\nako2\cnako2\TestNako\bin\Debug\TestNako.dll" executed="True" success="True" time="0.074" asserts="0">
        <results>
          <test-suite name="TestNako" executed="True" success="True" time="0.072" asserts="0">
            <results>
              <test-suite name="TestNakoTokenizer" executed="True" success="True" time="0.071" asserts="0">
                <results>
                  <test-case name="TestNako.TestNakoTokenizer.TestCountIndent" description="Tokenizer.indent" executed="True" success="True" time="0.036" asserts="4" />
                  <test-case name="TestNako.TestNakoTokenizer.TestGetToken_Number" executed="True" success="True" time="0.007" asserts="9" />
                  <test-case name="TestNako.TestNakoTokenizer.TestGetToken_String" executed="True" success="True" time="0.002" asserts="22" />
                  <test-case name="TestNako.TestNakoTokenizer.TestGetToken_String_ex" executed="True" success="True" time="0.005" asserts="4" />
                  <test-case name="TestNako.TestNakoTokenizer.TestGetToken_Word" executed="True" success="True" time="0.001" asserts="21" />
                  <test-case name="TestNako.TestNakoTokenizer.TestNakoHalfFlag" description="TestNakoHalfFlag" executed="True" success="True" time="0.001" asserts="5" />
                  <test-case name="TestNako.TestNakoTokenizer.TestNakoJosi" description="Josi" executed="True" success="True" time="0.001" asserts="1" />
                  <test-case name="TestNako.TestNakoTokenizer.TestTokenize" description="Tokenize method" executed="True" success="True" time="0.000" asserts="1" />
                  <test-case name="TestNako.TestNakoTokenizer.TestTokenize2" description="Tokenize method" executed="True" success="True" time="0.000" asserts="3" />
                </results>
              </test-suite>
            </results>
          </test-suite>
        </results>
      </test-suite>
    </results>
  </test-suite>
</test-results>