<?xml version="1.0" encoding="utf-8" standalone="no"?>
<!--This file represents the results of running a test suite-->
<test-results name="C:\svn\nako2\cnako2\cnako2.sln" total="0" errors="0" failures="0" not-run="0" ignored="0" skipped="0" invalid="0" date="2010-07-12" time="01:39:56">
  <environment nunit-version="2.5.0.9122" clr-version="2.0.50727.4927" os-version="Microsoft Windows NT 6.1.7600.0" platform="Win32NT" cwd="C:\Program Files\NUnit 2.5\bin\net-2.0" machine-name="KUJIRAX61" user="kujira" user-domain="kujirax61" />
  <culture-info current-culture="ja-JP" current-uiculture="ja-JP" />
  <test-suite name="C:\svn\nako2\cnako2\cnako2.sln" executed="True" success="False" time="0.000" asserts="0">
    <results>
      <test-suite name="C:\svn\nako2\cnako2\ConsoleApplication1\bin\Debug\TestDNako.exe" executed="False">
        <reason>
          <message><![CDATA[Has no TestFixtures]]></message>
        </reason>
      </test-suite>
    </results>
  </test-suite>
</test-results>